This is pdfTeX, Version 3.1415926-1.40.10 (MiKTeX 2.8) (preloaded format=pdflatex 2011.8.15)  18 OCT 2011 17:58
entering extended mode
**E:/Maestría/MCC/Tesis/Documento*Final*Tesis/tesis.tex
("E:/Maestría/MCC/Tesis/Documento Final Tesis/tesis.tex"
LaTeX2e <2009/09/24>
Babel <v3.8l> and hyphenation patterns for english, dumylang, nohyphenation, ge
rman, ngerman, german-x-2009-06-19, ngerman-x-2009-06-19, french, loaded.
("C:\Program Files\MiKTeX 2.8\tex\latex\base\report.cls"
Document Class: report 2007/10/19 v1.4h Standard LaTeX document class
("C:\Program Files\MiKTeX 2.8\tex\latex\base\size12.clo"
File: size12.clo 2007/10/19 v1.4h Standard LaTeX file (size option)
)
\c@part=\count79
\c@chapter=\count80
\c@section=\count81
\c@subsection=\count82
\c@subsubsection=\count83
\c@paragraph=\count84
\c@subparagraph=\count85
\c@figure=\count86
\c@table=\count87
\abovecaptionskip=\skip41
\belowcaptionskip=\skip42
\bibindent=\dimen102
)
\@input{includes/config.aux}
("E:\Maestría\MCC\Tesis\Documento Final Tesis\includes/config.tex"
("C:\Program Files\MiKTeX 2.8\tex\generic\babel\babel.sty"
Package: babel 2008/07/06 v3.8l The Babel package

*************************************
* Local config file bblopts.cfg used
*
("C:\Program Files\MiKTeX 2.8\tex\latex\00miktex\bblopts.cfg"
File: bblopts.cfg 2006/07/31 v1.0 MiKTeX 'babel' configuration
)
("C:\Program Files\MiKTeX 2.8\tex\generic\babel\spanish.ldf"
Language: spanish.ldf 2009/01/02 v5.0h Spanish support from the babel system

("C:\Program Files\MiKTeX 2.8\tex\generic\babel\babel.def"
File: babel.def 2008/07/06 v3.8l Babel common definitions
\babel@savecnt=\count88
\U@D=\dimen103
)

Package babel Warning: No hyphenation patterns were loaded for
(babel)                the language `Spanish'
(babel)                I will use the patterns loaded for \language=0 instead.

\l@spanish = a dialect from \language0
\es@datefmt=\count89
\es@quottoks=\toks14
\es@quotdepth=\count90
Package babel Info: Making " an active character on input line 492.
Package babel Info: Making . an active character on input line 585.
Package babel Info: Making < an active character on input line 630.
Package babel Info: Making > an active character on input line 630.
Package babel Info: Making ' an active character on input line 657.
)) ("C:\Program Files\MiKTeX 2.8\tex\latex\base\fontenc.sty"
Package: fontenc 2005/09/27 v1.99g Standard LaTeX package

("C:\Program Files\MiKTeX 2.8\tex\latex\base\t1enc.def"
File: t1enc.def 2005/09/27 v1.99g Standard LaTeX file
LaTeX Font Info:    Redeclaring font encoding T1 on input line 43.
))
("C:\Program Files\MiKTeX 2.8\tex\latex\graphics\graphicx.sty"
Package: graphicx 1999/02/16 v1.0f Enhanced LaTeX Graphics (DPC,SPQR)

("C:\Program Files\MiKTeX 2.8\tex\latex\graphics\keyval.sty"
Package: keyval 1999/03/16 v1.13 key=value parser (DPC)
\KV@toks@=\toks15
)
("C:\Program Files\MiKTeX 2.8\tex\latex\graphics\graphics.sty"
Package: graphics 2009/02/05 v1.0o Standard LaTeX Graphics (DPC,SPQR)

("C:\Program Files\MiKTeX 2.8\tex\latex\graphics\trig.sty"
Package: trig 1999/03/16 v1.09 sin cos tan (DPC)
)
("C:\Program Files\MiKTeX 2.8\tex\latex\00miktex\graphics.cfg"
File: graphics.cfg 2007/01/18 v1.5 graphics configuration of teTeX/TeXLive
)
Package graphics Info: Driver file: pdftex.def on input line 91.

("C:\Program Files\MiKTeX 2.8\tex\latex\pdftex-def\pdftex.def"
File: pdftex.def 2009/08/25 v0.04m Graphics/color for pdfTeX
\Gread@gobject=\count91
))
\Gin@req@height=\dimen104
\Gin@req@width=\dimen105
)
("C:\Program Files\MiKTeX 2.8\tex\latex\geometry\geometry.sty"
Package: geometry 2008/12/21 v4.2 Page Geometry

("C:\Program Files\MiKTeX 2.8\tex\generic\oberdiek\ifpdf.sty"
Package: ifpdf 2009/04/10 v2.0 Provides the ifpdf switch (HO)
Package ifpdf Info: pdfTeX in pdf mode detected.
)
("C:\Program Files\MiKTeX 2.8\tex\generic\oberdiek\ifvtex.sty"
Package: ifvtex 2008/11/04 v1.4 Switches for detecting VTeX and its modes (HO)
Package ifvtex Info: VTeX not detected.
)
\Gm@cnth=\count92
\Gm@cntv=\count93
\c@Gm@tempcnt=\count94
\Gm@bindingoffset=\dimen106
\Gm@wd@mp=\dimen107
\Gm@odd@mp=\dimen108
\Gm@even@mp=\dimen109
\Gm@dimlist=\toks16

("C:\Program Files\MiKTeX 2.8\tex\latex\geometry\geometry.cfg"))
("C:\Program Files\MiKTeX 2.8\tex\latex\titlesec\titlesec.sty"
Package: titlesec 2011/07/25 v2.9 Sectioning titles
\ttl@box=\box26
\beforetitleunit=\skip43
\aftertitleunit=\skip44
\ttl@plus=\dimen110
\ttl@minus=\dimen111
\ttl@toksa=\toks17
\titlewidth=\dimen112
\titlewidthlast=\dimen113
\titlewidthfirst=\dimen114
)
("C:\Program Files\MiKTeX 2.8\tex\latex\fancyhdr\fancyhdr.sty"
\fancy@headwidth=\skip45
\f@ncyO@elh=\skip46
\f@ncyO@erh=\skip47
\f@ncyO@olh=\skip48
\f@ncyO@orh=\skip49
\f@ncyO@elf=\skip50
\f@ncyO@erf=\skip51
\f@ncyO@olf=\skip52
\f@ncyO@orf=\skip53
)
("C:\Program Files\MiKTeX 2.8\tex\latex\base\fix-cm.sty"
Package: fix-cm 2006/09/13 v1.1m fixes to LaTeX

("C:\Program Files\MiKTeX 2.8\tex\latex\base\ts1enc.def"
File: ts1enc.def 2001/06/05 v3.0e (jk/car/fm) Standard LaTeX file
))
("C:\Program Files\MiKTeX 2.8\tex\latex\setspace\setspace.sty"
Package: setspace 2000/12/01 6.7 Contributed and Supported LaTeX2e package

Package: `setspace' 6.7 <2000/12/01>
) ("C:\Program Files\MiKTeX 2.8\tex\latex\ams\math\amsmath.sty"
Package: amsmath 2000/07/18 v2.13 AMS math features
\@mathmargin=\skip54

For additional information on amsmath, use the `?' option.
("C:\Program Files\MiKTeX 2.8\tex\latex\ams\math\amstext.sty"
Package: amstext 2000/06/29 v2.01

("C:\Program Files\MiKTeX 2.8\tex\latex\ams\math\amsgen.sty"
File: amsgen.sty 1999/11/30 v2.0
\@emptytoks=\toks18
\ex@=\dimen115
))
("C:\Program Files\MiKTeX 2.8\tex\latex\ams\math\amsbsy.sty"
Package: amsbsy 1999/11/29 v1.2d
\pmbraise@=\dimen116
)
("C:\Program Files\MiKTeX 2.8\tex\latex\ams\math\amsopn.sty"
Package: amsopn 1999/12/14 v2.01 operator names
)
\inf@bad=\count95
LaTeX Info: Redefining \frac on input line 211.
\uproot@=\count96
\leftroot@=\count97
LaTeX Info: Redefining \overline on input line 307.
\classnum@=\count98
\DOTSCASE@=\count99
LaTeX Info: Redefining \ldots on input line 379.
LaTeX Info: Redefining \dots on input line 382.
LaTeX Info: Redefining \cdots on input line 467.
\Mathstrutbox@=\box27
\strutbox@=\box28
\big@size=\dimen117
LaTeX Font Info:    Redeclaring font encoding OML on input line 567.
LaTeX Font Info:    Redeclaring font encoding OMS on input line 568.
\macc@depth=\count100
\c@MaxMatrixCols=\count101
\dotsspace@=\muskip10
\c@parentequation=\count102
\dspbrk@lvl=\count103
\tag@help=\toks19
\row@=\count104
\column@=\count105
\maxfields@=\count106
\andhelp@=\toks20
\eqnshift@=\dimen118
\alignsep@=\dimen119
\tagshift@=\dimen120
\tagwidth@=\dimen121
\totwidth@=\dimen122
\lineht@=\dimen123
\@envbody=\toks21
\multlinegap=\skip55
\multlinetaggap=\skip56
\mathdisplay@stack=\toks22
LaTeX Info: Redefining \[ on input line 2666.
LaTeX Info: Redefining \] on input line 2667.
)
("C:\Program Files\MiKTeX 2.8\tex\latex\fmtcount\fmtcount.sty"
Package: fmtcount 2009/10/02 v1.31

("C:\Program Files\MiKTeX 2.8\tex\latex\base\ifthen.sty"
Package: ifthen 2001/05/26 v1.1c Standard LaTeX ifthen package (DPC)
)
\c@padzeroesN=\count107

("C:\Program Files\MiKTeX 2.8\tex\latex\fmtcount\fc-english.def"
File: fc-english 2007/05/26
)
("C:\Program Files\MiKTeX 2.8\tex\latex\fmtcount\fc-UKenglish.def"
File: fc-UKenglish 2007/06/14
)
("C:\Program Files\MiKTeX 2.8\tex\latex\fmtcount\fc-british.def"
File: fc-british 2007/06/14
)
("C:\Program Files\MiKTeX 2.8\tex\latex\fmtcount\fc-USenglish.def"
File: fc-USenglish 2007/06/14
)
("C:\Program Files\MiKTeX 2.8\tex\latex\fmtcount\fc-spanish.def"
File: fc-spanish.def 2007/05/26
)
("C:\Program Files\MiKTeX 2.8\tex\latex\fmtcount\fc-french.def"
File: fc-french.def 2007/05/26
)
("C:\Program Files\MiKTeX 2.8\tex\latex\fmtcount\fc-german.def"
File: fc-german.def 2007/06/14
)
No configuration file fmtcount.cfg found.
\@DT@modctr=\count108
\@ordinalctr=\count109
\@orgargctr=\count110
\@strctr=\count111
\@tmpstrctr=\count112
\@DT@loopN=\count113
\@DT@X=\count114
) ("C:\Program Files\MiKTeX 2.8\tex\latex\ltxmisc\threeparttable.sty"
Package: threeparttable 2003/06/13  v 3.0
\@tempboxb=\box29
)
("C:\Program Files\MiKTeX 2.8\tex\latex\float\float.sty"
Package: float 2001/11/08 v1.3d Float enhancements (AL)
\c@float@type=\count115
\float@exts=\toks23
\float@box=\box30
\@float@everytoks=\toks24
\@floatcapt=\box31
)
("C:\Program Files\MiKTeX 2.8\tex\latex\tools\array.sty"
Package: array 2008/09/09 v2.4c Tabular extension package (FMi)
\col@sep=\dimen124
\extrarowheight=\dimen125
\NC@list=\toks25
\extratabsurround=\skip57
\backup@length=\skip58
)
("C:\Program Files\MiKTeX 2.8\tex\latex\multirow\multirow.sty"
\bigstrutjot=\dimen126
)
("C:\Program Files\MiKTeX 2.8\tex\latex\caption\caption.sty"
Package: caption 2011/08/06 v3.2 Customizing captions (AR)

("C:\Program Files\MiKTeX 2.8\tex\latex\caption\caption3.sty"
Package: caption3 2011/08/06 v1.3 caption3 kernel (AR)
\captionmargin=\dimen127
\captionmargin@=\dimen128
\captionwidth=\dimen129
\caption@indent=\dimen130
\caption@parindent=\dimen131
\caption@hangindent=\dimen132
)
\c@ContinuedFloat=\count116
Package caption Info: float package is loaded.
Package caption Info: threeparttable package is loaded.
))
("E:\Maestría\MCC\Tesis\Documento Final Tesis\tesis.aux"
("E:\Maestría\MCC\Tesis\Documento Final Tesis\includes/portada.aux")
("E:\Maestría\MCC\Tesis\Documento Final Tesis\includes/dedicatoria.aux")
("E:\Maestría\MCC\Tesis\Documento Final Tesis\includes/agradecimientos.aux")
("E:\Maestría\MCC\Tesis\Documento Final Tesis\includes/resumen.aux")
("E:\Maestría\MCC\Tesis\Documento Final Tesis\includes/tablacontenido.aux")
("E:\Maestría\MCC\Tesis\Documento Final Tesis\includes/listatablas.aux")
("E:\Maestría\MCC\Tesis\Documento Final Tesis\includes/listafiguras.aux")
("E:\Maestría\MCC\Tesis\Documento Final Tesis\includes/capitulo01.aux")
("E:\Maestría\MCC\Tesis\Documento Final Tesis\includes/capitulo02.aux")
("E:\Maestría\MCC\Tesis\Documento Final Tesis\includes/bibliografia.aux"))
LaTeX Font Info:    Checking defaults for OML/cmm/m/it on input line 12.
LaTeX Font Info:    ... okay on input line 12.
LaTeX Font Info:    Checking defaults for T1/cmr/m/n on input line 12.
LaTeX Font Info:    ... okay on input line 12.
LaTeX Font Info:    Checking defaults for OT1/cmr/m/n on input line 12.
LaTeX Font Info:    ... okay on input line 12.
LaTeX Font Info:    Checking defaults for OMS/cmsy/m/n on input line 12.
LaTeX Font Info:    ... okay on input line 12.
LaTeX Font Info:    Checking defaults for OMX/cmex/m/n on input line 12.
LaTeX Font Info:    ... okay on input line 12.
LaTeX Font Info:    Checking defaults for U/cmr/m/n on input line 12.
LaTeX Font Info:    ... okay on input line 12.
LaTeX Font Info:    Checking defaults for TS1/cmr/m/n on input line 12.
LaTeX Font Info:    ... okay on input line 12.

("C:\Program Files\MiKTeX 2.8\tex\context\base\supp-pdf.tex"
[Loading MPS to PDF converter (version 2006.09.02).]
\scratchcounter=\count117
\scratchdimen=\dimen133
\scratchbox=\box32
\nofMPsegments=\count118
\nofMParguments=\count119
\everyMPshowfont=\toks26
\MPscratchCnt=\count120
\MPscratchDim=\dimen134
\MPnumerator=\count121
\everyMPtoPDFconversion=\toks27
)
*geometry auto-detecting driver*
*geometry detected driver: pdftex*
-------------------- Geometry parameters
paper: letterpaper
landscape: --
twocolumn: --
twoside: --
asymmetric: --
h-parts: 85.35826pt, 457.80486pt, 71.13188pt
v-parts: 71.13188pt, 652.70622pt, 71.13188pt
hmarginratio: --
vmarginratio: --
lines: --
heightrounded: --
bindingoffset: 0.0pt
truedimen: --
includehead: --
includefoot: --
includemp: --
driver: pdftex
-------------------- Page layout dimensions and switches
\paperwidth  614.295pt
\paperheight 794.96999pt
\textwidth  457.80486pt
\textheight 652.70622pt
\oddsidemargin  13.08827pt
\evensidemargin 13.08827pt
\topmargin  -38.1381pt
\headheight 12.0pt
\headsep    25.0pt
\footskip   30.0pt
\marginparwidth 44.0pt
\marginparsep   10.0pt
\columnsep  10.0pt
\skip\footins  10.8pt plus 4.0pt minus 2.0pt
\hoffset 0.0pt
\voffset 0.0pt
\mag 1000

(1in=72.27pt, 1cm=28.45pt)
-----------------------
Package caption Info: Begin \AtBeginDocument code.
Package caption Info: End \AtBeginDocument code.
("E:\Maestría\MCC\Tesis\Documento Final Tesis\includes/portada.tex"
<images/escudo-itesm_small.png, id=1, 265.9536pt x 336.7782pt>
File: images/escudo-itesm_small.png Graphic file (type png)

<use images/escudo-itesm_small.png> [1




{C:/ProgramData/MiKTeX/2.8/pdftex/config/pdftex.map} <E:/Maestría/MCC/Tesis/Doc
umento Final Tesis/images/escudo-itesm_small.png>])
("E:\Maestría\MCC\Tesis\Documento Final Tesis\includes/dedicatoria.tex"

Package Fancyhdr Warning: \fancyhead's `E' option without twoside option is use
less on input line 6.


Package Fancyhdr Warning: \fancyfoot's `E' option without twoside option is use
less on input line 7.

[1




]) ("E:\Maestría\MCC\Tesis\Documento Final Tesis\includes/agradecimientos.tex"

Package Fancyhdr Warning: \fancyhead's `E' option without twoside option is use
less on input line 6.


Package Fancyhdr Warning: \fancyfoot's `E' option without twoside option is use
less on input line 7.

[2




]

Package Fancyhdr Warning: \headheight is too small (12.0pt): 
 Make it at least 14.49998pt.
 We now make it that large for the rest of the document.
 This may cause the page layout to be inconsistent, however.

[3]) ("E:\Maestría\MCC\Tesis\Documento Final Tesis\includes/resumen.tex"

Package Fancyhdr Warning: \fancyhead's `E' option without twoside option is use
less on input line 6.


Package Fancyhdr Warning: \fancyfoot's `E' option without twoside option is use
less on input line 7.

[4




] [5])
("E:\Maestría\MCC\Tesis\Documento Final Tesis\includes/tablacontenido.tex"
("E:\Maestría\MCC\Tesis\Documento Final Tesis\tesis.toc" [6




] [7])
\tf@toc=\write3
) [8]
("E:\Maestría\MCC\Tesis\Documento Final Tesis\includes/listatablas.tex"
("E:\Maestría\MCC\Tesis\Documento Final Tesis\tesis.lot")
\tf@lot=\write4
) [9



]
("E:\Maestría\MCC\Tesis\Documento Final Tesis\includes/listafiguras.tex"
("E:\Maestría\MCC\Tesis\Documento Final Tesis\tesis.lof")
\tf@lof=\write5
) [10



]
("E:\Maestría\MCC\Tesis\Documento Final Tesis\includes/capitulo01.tex"
("C:\Program Files\MiKTeX 2.8\tex\latex\titlesec\block.tss"
File: block.tss 2011/07/25
)

Package Fancyhdr Warning: \fancyhead's `E' option without twoside option is use
less on input line 8.


Package Fancyhdr Warning: \fancyhead's `E' option without twoside option is use
less on input line 9.


Package Fancyhdr Warning: \fancyfoot's `E' option without twoside option is use
less on input line 10.

Cap\'{\i }tulo 1.
[1



] [2] [3] [4]
LaTeX Font Info:    Try loading font information for OMS+cmr on input line 87.
 ("C:\Program Files\MiKTeX 2.8\tex\latex\base\omscmr.fd"
File: omscmr.fd 1999/05/25 v2.5h Standard LaTeX font definitions
)
LaTeX Font Info:    Font shape `OMS/cmr/m/n' in size <12> not available
(Font)              Font shape `OMS/cmsy/m/n' tried instead on input line 87.

[5] [6]) ("E:\Maestría\MCC\Tesis\Documento Final Tesis\includes/capitulo02.tex"

Package Fancyhdr Warning: \fancyhead's `E' option without twoside option is use
less on input line 8.


Package Fancyhdr Warning: \fancyhead's `E' option without twoside option is use
less on input line 9.


Package Fancyhdr Warning: \fancyfoot's `E' option without twoside option is use
less on input line 10.

Cap\'{\i }tulo 2.
[7




] [8] [9] [10] [11] [12] [13] [14] [15] [16] [17] [18] [19] [20] [21]
[22]
Overfull \hbox (11.5807pt too wide) in paragraph at lines 367--390
 [][] 
 []

[23] [24] [25] [26] [27]
Overfull \hbox (7.54318pt too wide) in paragraph at lines 483--498
 [][] 
 []


Overfull \hbox (8.81906pt too wide) in paragraph at lines 506--545
 [][] 
 []

[28] [29] [30] [31] [32] [33] [34] [35] [36] [37] [38] [39] [40] [41] [42])
("E:\Maestría\MCC\Tesis\Documento Final Tesis\includes/bibliografia.tex"

Package Fancyhdr Warning: \fancyhead's `E' option without twoside option is use
less on input line 6.


Package Fancyhdr Warning: \fancyfoot's `E' option without twoside option is use
less on input line 7.


LaTeX Warning: Citation `Demo:manualMTY' undefined on input line 11.


LaTeX Warning: Citation `Demo:digitalComm' undefined on input line 12.


LaTeX Warning: Citation `IEEEexample:conf_typical' undefined on input line 14.


LaTeX Warning: Citation `IEEEexample:book_typical' undefined on input line 15.


LaTeX Warning: Citation `IEEEexample:TBParticle' undefined on input line 16.

("E:\Maestría\MCC\Tesis\Documento Final Tesis\tesis.bbl" [43




])) [44]
("E:\Maestría\MCC\Tesis\Documento Final Tesis\tesis.aux"
("E:\Maestría\MCC\Tesis\Documento Final Tesis\includes/portada.aux")
("E:\Maestría\MCC\Tesis\Documento Final Tesis\includes/dedicatoria.aux")
("E:\Maestría\MCC\Tesis\Documento Final Tesis\includes/agradecimientos.aux")
("E:\Maestría\MCC\Tesis\Documento Final Tesis\includes/resumen.aux")
("E:\Maestría\MCC\Tesis\Documento Final Tesis\includes/tablacontenido.aux")
("E:\Maestría\MCC\Tesis\Documento Final Tesis\includes/listatablas.aux")
("E:\Maestría\MCC\Tesis\Documento Final Tesis\includes/listafiguras.aux")
("E:\Maestría\MCC\Tesis\Documento Final Tesis\includes/capitulo01.aux")
("E:\Maestría\MCC\Tesis\Documento Final Tesis\includes/capitulo02.aux")
("E:\Maestría\MCC\Tesis\Documento Final Tesis\includes/bibliografia.aux"))

LaTeX Warning: There were undefined references.

 ) 
Here is how much of TeX's memory you used:
 5678 strings out of 495285
 86774 string characters out of 3180382
 172159 words of memory out of 3000000
 8469 multiletter control sequences out of 15000+200000
 22097 words of font info for 46 fonts, out of 3000000 for 9000
 252 hyphenation exceptions out of 8191
 40i,12n,45p,1164b,572s stack positions out of 5000i,500n,10000p,200000b,50000s
 <C:\Users\CDE-Marco\AppData\Local\MiKTeX\2.8\fonts\pk\ljfour\jknappen\ec\dpi
657\ecrm1000.pk> <C:\Users\CDE-Marco\AppData\Local\MiKTeX\2.8\fonts\pk\ljfour\j
knappen\ec\dpi657\ecbi1000.pk> <C:\Users\CDE-Marco\AppData\Local\MiKTeX\2.8\fon
ts\pk\ljfour\jknappen\ec\dpi600\ecti1000.pk> <C:\Users\CDE-Marco\AppData\Local\
MiKTeX\2.8\fonts\pk\ljfour\jknappen\ec\dpi1300\ecbx1200.pk> <C:\Users\CDE-Marco
\AppData\Local\MiKTeX\2.8\fonts\pk\ljfour\jknappen\ec\dpi600\ecsl1200.pk> <C:\U
sers\CDE-Marco\AppData\Local\MiKTeX\2.8\fonts\pk\ljfour\jknappen\ec\dpi600\ecxc
1200.pk> <C:\Users\CDE-Marco\AppData\Local\MiKTeX\2.8\fonts\pk\ljfour\jknappen\
ec\dpi600\ecbx1200.pk> <C:\Users\CDE-Marco\AppData\Local\MiKTeX\2.8\fonts\pk\lj
four\jknappen\ec\dpi600\ecrm1200.pk> <C:\Users\CDE-Marco\AppData\Local\MiKTeX\2
.8\fonts\pk\ljfour\jknappen\ec\dpi600\eccc1200.pk> <C:\Users\CDE-Marco\AppData\
Local\MiKTeX\2.8\fonts\pk\ljfour\jknappen\ec\dpi600\ecti1200.pk> <C:\Users\CDE-
Marco\AppData\Local\MiKTeX\2.8\fonts\pk\ljfour\jknappen\ec\dpi720\ecbx1200.pk> 
<C:\Users\CDE-Marco\AppData\Local\MiKTeX\2.8\fonts\pk\ljfour\jknappen\ec\dpi600
\ecrm1728.pk> <C:\Users\CDE-Marco\AppData\Local\MiKTeX\2.8\fonts\pk\ljfour\jkna
ppen\ec\dpi864\ecbx1200.pk> <C:\Users\CDE-Marco\AppData\Local\MiKTeX\2.8\fonts\
pk\ljfour\jknappen\ec\dpi1037\ecbx1200.pk> <C:\Users\CDE-Marco\AppData\Local\Mi
KTeX\2.8\fonts\pk\ljfour\jknappen\ec\dpi1244\ecbx1200.pk><C:/Program Files/MiKT
eX 2.8/fonts/type1/public/amsfonts/cm/cmmi12.pfb><C:/Program Files/MiKTeX 2.8/f
onts/type1/public/amsfonts/cm/cmmi6.pfb><C:/Program Files/MiKTeX 2.8/fonts/type
1/public/amsfonts/cm/cmmi8.pfb><C:/Program Files/MiKTeX 2.8/fonts/type1/public/
amsfonts/cm/cmr12.pfb><C:/Program Files/MiKTeX 2.8/fonts/type1/public/amsfonts/
cm/cmr8.pfb><C:/Program Files/MiKTeX 2.8/fonts/type1/public/amsfonts/cm/cmsy10.
pfb>
Output written on tesis.pdf (55 pages, 502113 bytes).
PDF statistics:
 766 PDF objects out of 1000 (max. 8388607)
 0 named destinations out of 1000 (max. 500000)
 6 words of extra memory for PDF output out of 10000 (max. 10000000)

